0 info it worked if it ends with ok
1 verbose cli [ '/usr/local/bin/node', '/usr/local/bin/npm', 'run', 'bs' ]
2 info using npm@3.10.9
3 info using node@v6.9.2
4 verbose run-script [ 'prebs', 'bs', 'postbs' ]
5 info lifecycle indiaopendata@2.0.0~prebs: indiaopendata@2.0.0
6 silly lifecycle indiaopendata@2.0.0~prebs: no script for prebs, continuing
7 info lifecycle indiaopendata@2.0.0~bs: indiaopendata@2.0.0
8 verbose lifecycle indiaopendata@2.0.0~bs: unsafe-perm in lifecycle true
9 verbose lifecycle indiaopendata@2.0.0~bs: PATH: /usr/local/lib/node_modules/npm/bin/node-gyp-bin:/Users/jimish/projects/ioda/open-environment-data-react/node_modules/.bin:/usr/local/bin:/usr/bin:/bin:/usr/sbin:/sbin:/opt/X11/bin:/usr/local/CrossPack-AVR/bin:/usr/local/go/bin:/usr/local/Bluemix/bin:/usr/local/bin:/usr/bin:/bin:/usr/sbin:/sbin:/opt/X11/bin:/usr/local/CrossPack-AVR/bin:/usr/local/go/bin:/usr/local/Bluemix/bin/bin
10 verbose lifecycle indiaopendata@2.0.0~bs: CWD: /Users/jimish/projects/ioda/open-environment-data-react
11 silly lifecycle indiaopendata@2.0.0~bs: Args: [ '-c',
11 silly lifecycle   'npm run clean && gulp css:build && gulp images && gulp fonts && npm run build && npm run build:server && npm run start:prod' ]
12 silly lifecycle indiaopendata@2.0.0~bs: Returned: code: 1  signal: null
13 info lifecycle indiaopendata@2.0.0~bs: Failed to exec bs script
14 verbose stack Error: indiaopendata@2.0.0 bs: `npm run clean && gulp css:build && gulp images && gulp fonts && npm run build && npm run build:server && npm run start:prod`
14 verbose stack Exit status 1
14 verbose stack     at EventEmitter.<anonymous> (/usr/local/lib/node_modules/npm/lib/utils/lifecycle.js:255:16)
14 verbose stack     at emitTwo (events.js:106:13)
14 verbose stack     at EventEmitter.emit (events.js:191:7)
14 verbose stack     at ChildProcess.<anonymous> (/usr/local/lib/node_modules/npm/lib/utils/spawn.js:40:14)
14 verbose stack     at emitTwo (events.js:106:13)
14 verbose stack     at ChildProcess.emit (events.js:191:7)
14 verbose stack     at maybeClose (internal/child_process.js:877:16)
14 verbose stack     at Process.ChildProcess._handle.onexit (internal/child_process.js:226:5)
15 verbose pkgid indiaopendata@2.0.0
16 verbose cwd /Users/jimish/projects/ioda/open-environment-data-react
17 error Darwin 16.5.0
18 error argv "/usr/local/bin/node" "/usr/local/bin/npm" "run" "bs"
19 error node v6.9.2
20 error npm  v3.10.9
21 error code ELIFECYCLE
22 error indiaopendata@2.0.0 bs: `npm run clean && gulp css:build && gulp images && gulp fonts && npm run build && npm run build:server && npm run start:prod`
22 error Exit status 1
23 error Failed at the indiaopendata@2.0.0 bs script 'npm run clean && gulp css:build && gulp images && gulp fonts && npm run build && npm run build:server && npm run start:prod'.
23 error Make sure you have the latest version of node.js and npm installed.
23 error If you do, this is most likely a problem with the indiaopendata package,
23 error not with npm itself.
23 error Tell the author that this fails on your system:
23 error     npm run clean && gulp css:build && gulp images && gulp fonts && npm run build && npm run build:server && npm run start:prod
23 error You can get information on how to open an issue for this project with:
23 error     npm bugs indiaopendata
23 error Or if that isn't available, you can get their info via:
23 error     npm owner ls indiaopendata
23 error There is likely additional logging output above.
24 verbose exit [ 1, true ]
